<?xml version="1.0" encoding="UTF-8"?>
<!-- Generated by org.testng.reporters.JUnitReportReporter -->
<testsuite skipped="0" hostname="DESKTOP-D69MGO4" name="test.CategoryTest" tests="1" failures="0" timestamp="2021-07-13T11:21:56 CDT" time="4.776" errors="0">
  <testcase name="categoryTest" time="4.776" classname="test.CategoryTest"/>
  <system-out/>
</testsuite> <!-- test.CategoryTest -->
