<?xml version="1.0" encoding="UTF-8"?>
<!-- Generated by org.testng.reporters.JUnitReportReporter -->
<testsuite skipped="0" hostname="DESKTOP-D69MGO4" name="test.CategoryExistTest" tests="1" failures="0" timestamp="2021-07-13T11:20:15 CDT" time="6.104" errors="0">
  <testcase name="checkduplicateCategory" time="6.104" classname="test.CategoryExistTest"/>
  <system-out/>
</testsuite> <!-- test.CategoryExistTest -->
