<?xml version="1.0" encoding="UTF-8"?>
<!-- Generated by org.testng.reporters.JUnitReportReporter -->
<testsuite skipped="0" hostname="DESKTOP-D69MGO4" name="test.MonthDropDownTest" tests="1" failures="0" timestamp="2021-07-13T11:23:08 CDT" time="5.067" errors="0">
  <testcase name="check_moth_dropdown" time="5.067" classname="test.MonthDropDownTest"/>
  <system-out/>
</testsuite> <!-- test.MonthDropDownTest -->
